<?xml version="1.0" encoding="utf-8"?><testsuites name="pytest tests"><testsuite name="pytest" errors="0" failures="0" skipped="0" tests="9" time="4.934" timestamp="2026-09-09T15:14:06.619707+00:00" hostname="agent-env-60e4e497-d828-4e80-b1e0-9819066f828e"><testcase classname="backend.tests.test_aprendiz_asistente" name="test_motor_estado_empresa" time="0.239" /><testcase classname="backend.tests.test_aprendiz_asistente" name="test_dominios_and_config" time="0.166" /><testcase classname="backend.tests.test_aprendiz_asistente" name="test_procesar_incluye_asistente" time="0.271" /><testcase classname="backend.tests.test_aprendiz_asistente" name="test_decision_confirmar" time="0.106" /><testcase classname="backend.tests.test_aprendiz_asistente" name="test_decision_corregir_sin_texto" time="0.091" /><testcase classname="backend.tests.test_aprendiz_asistente" name="test_decision_corregir" time="0.089" /><testcase classname="backend.tests.test_aprendiz_asistente" name="test_lista_decisiones" time="0.186" /><testcase classname="backend.tests.test_aprendiz_asistente" name="test_ajuste_estado" time="0.118" /><testcase classname="backend.tests.test_aprendiz_asistente" name="test_ajuste_ejecutar" time="3.604" /></testsuite></testsuites>