<?xml version="1.0" encoding="utf-8"?><testsuites name="pytest tests"><testsuite name="pytest" errors="0" failures="0" skipped="0" tests="3" time="1.023" timestamp="2026-09-02T15:33:31.968083+00:00" hostname="agent-env-f8c31921-18e5-4b7b-9053-9db3959636e4"><testcase classname="backend.tests.test_compresion.TestCompresionToggle" name="test_comprimir_multiples_archivos" time="0.316" /><testcase classname="backend.tests.test_compresion.TestCompresionToggle" name="test_round_trip_descomprimir" time="0.332" /><testcase classname="backend.tests.test_compresion.TestCompresionSistemaHotel" name="test_hotel_sistema" time="0.214" /></testsuite></testsuites>