<?xml version="1.0" encoding="utf-8"?><testsuites name="pytest tests"><testsuite name="pytest" errors="0" failures="0" skipped="0" tests="2" time="1.642" timestamp="2026-09-09T15:39:49.004051+00:00" hostname="agent-env-60e4e497-d828-4e80-b1e0-9819066f828e"><testcase classname="backend.tests.test_embudo_navegacion" name="test_registrar_resultado_navegacion[ASESORIA]" time="1.306" /><testcase classname="backend.tests.test_embudo_navegacion" name="test_registrar_resultado_navegacion[AGENCIA]" time="0.285" /></testsuite></testsuites>