<?xml version="1.0" encoding="utf-8"?><testsuites name="pytest tests"><testsuite name="pytest" errors="0" failures="0" skipped="0" tests="9" time="3.227" timestamp="2026-09-03T13:59:03.916572+00:00" hostname="agent-env-f8c31921-18e5-4b7b-9053-9db3959636e4"><testcase classname="backend.tests.test_flujo_dominios" name="test_get_dominios" time="0.381" /><testcase classname="backend.tests.test_flujo_dominios" name="test_ejecutar_dominio[dom_restaurante_v1]" time="0.326" /><testcase classname="backend.tests.test_flujo_dominios" name="test_ejecutar_dominio[dom_retail_v1]" time="0.229" /><testcase classname="backend.tests.test_flujo_dominios" name="test_ejecutar_dominio[dom_hotel_v1]" time="0.158" /><testcase classname="backend.tests.test_flujo_dominios" name="test_ejecutar_dominio[dom_fabrica_v1]" time="0.273" /><testcase classname="backend.tests.test_flujo_dominios" name="test_ejecutar_dominio[dom_logistica_v1]" time="0.245" /><testcase classname="backend.tests.test_flujo_dominios" name="test_ejecutar_dominio[dom_clinica_v1]" time="0.142" /><testcase classname="backend.tests.test_flujo_dominios" name="test_ejecutar_dominio[dom_fermentacion_lotes_v1]" time="0.220" /><testcase classname="backend.tests.test_flujo_dominios" name="test_kpis_distintos_entre_dominios" time="0.990" /></testsuite></testsuites>