<?xml version="1.0" encoding="utf-8"?><testsuites name="pytest tests"><testsuite name="pytest" errors="0" failures="0" skipped="0" tests="6" time="1.487" timestamp="2026-09-09T15:51:38.657315+00:00" hostname="agent-env-60e4e497-d828-4e80-b1e0-9819066f828e"><testcase classname="backend.tests.test_ingesta_pdf_docx" name="test_upload_pdf" time="0.433" /><testcase classname="backend.tests.test_ingesta_pdf_docx" name="test_upload_docx" time="0.127" /><testcase classname="backend.tests.test_ingesta_pdf_docx" name="test_upload_txt_etiqueta" time="0.118" /><testcase classname="backend.tests.test_ingesta_pdf_docx" name="test_procesar_extrae_texto" time="0.160" /><testcase classname="backend.tests.test_ingesta_pdf_docx" name="test_procesar_expediente_estado_completado" time="0.081" /><testcase classname="backend.tests.test_ingesta_pdf_docx" name="test_extraccion_directa_backend" time="0.456" /></testsuite></testsuites>