<?xml version="1.0" encoding="utf-8"?><testsuites name="pytest tests"><testsuite name="pytest" errors="0" failures="0" skipped="0" tests="5" time="1.898" timestamp="2026-09-09T16:06:38.744052+00:00" hostname="agent-env-60e4e497-d828-4e80-b1e0-9819066f828e"><testcase classname="backend.tests.test_iter10_dominio_ingesta" name="test_lazo_dominio_fabrica_trayectorias" time="0.340" /><testcase classname="backend.tests.test_iter10_dominio_ingesta" name="test_lazo_evaluar_asesoria" time="0.188" /><testcase classname="backend.tests.test_iter10_dominio_ingesta" name="test_lazo_evaluar_agencia_has_ingesta_tiempo_real" time="0.232" /><testcase classname="backend.tests.test_iter10_dominio_ingesta" name="test_webhook_fabrica_links_to_agencia" time="0.349" /><testcase classname="backend.tests.test_iter10_dominio_ingesta" name="test_ingesta_csv_xlsx" time="0.566" /></testsuite></testsuites>