<?xml version="1.0" encoding="utf-8"?><testsuites name="pytest tests"><testsuite name="pytest" errors="0" failures="0" skipped="0" tests="4" time="0.820" timestamp="2026-09-02T14:57:02.525731+00:00" hostname="agent-env-f8c31921-18e5-4b7b-9053-9db3959636e4"><testcase classname="backend.tests.test_lazo" name="test_get_dominio" time="0.272" /><testcase classname="backend.tests.test_lazo" name="test_evaluar_asesoria_nominal" time="0.152" /><testcase classname="backend.tests.test_lazo" name="test_evaluar_agencia_autoengano" time="0.125" /><testcase classname="backend.tests.test_lazo" name="test_evaluar_agencia_nominal_autonomo" time="0.130" /></testsuite></testsuites>